app/build/outputs/logs/manifest-merger-debug-report.txt
-- Merging decision tree log ---
manifest
ADDED from src\main\AndroidManifest.xml:2:1-36:12
	package
		ADDED from src\main\AndroidManifest.xml:3:5-36
		INJECTED from src\main\AndroidManifest.xml
		INJECTED from src\main\AndroidManifest.xml
	android:versionName
		INJECTED from src\main\AndroidManifest.xml
		INJECTED from src\main\AndroidManifest.xml
	xmlns:android
		ADDED from src\main\AndroidManifest.xml:2:11-69
	android:versionCode
		INJECTED from src\main\AndroidManifest.xml
		INJECTED from src\main\AndroidManifest.xml
application
ADDED from src\main\AndroidManifest.xml:5:5-21:19
MERGED from [com.android.support:appcompat-v7:23.0.1] AndroidManifest.xml:22:5-20
MERGED from [com.android.support:support-v4:23.0.1] AndroidManifest.xml:22:5-20
	android:label
		ADDED from src\main\AndroidManifest.xml:8:9-41
	android:allowBackup
		ADDED from src\main\AndroidManifest.xml:6:9-35
	android:icon
		ADDED from src\main\AndroidManifest.xml:7:9-43
	android:theme
		ADDED from src\main\AndroidManifest.xml:9:9-40
activity#com.muse.motiondetect.MainActivity
ADDED from src\main\AndroidManifest.xml:10:9-20:20
	android:screenOrientation
		ADDED from src\main\AndroidManifest.xml:13:13-50
	android:label
		ADDED from src\main\AndroidManifest.xml:12:13-45
	android:configChanges
		ADDED from src\main\AndroidManifest.xml:14:13-63
	android:name
		ADDED from src\main\AndroidManifest.xml:11:13-62
intent-filter#android.intent.action.MAIN+android.intent.category.LAUNCHER
ADDED from src\main\AndroidManifest.xml:15:13-19:29
action#android.intent.action.MAIN
ADDED from src\main\AndroidManifest.xml:16:17-69
	android:name
		ADDED from src\main\AndroidManifest.xml:16:25-66
category#android.intent.category.LAUNCHER
ADDED from src\main\AndroidManifest.xml:18:17-77
	android:name
		ADDED from src\main\AndroidManifest.xml:18:27-74
supports-screens
ADDED from src\main\AndroidManifest.xml:23:5-27:37
	android:largeScreens
		ADDED from src\main\AndroidManifest.xml:26:9-36
	android:smallScreens
		ADDED from src\main\AndroidManifest.xml:24:9-36
	android:normalScreens
		ADDED from src\main\AndroidManifest.xml:25:9-37
	android:resizeable
		ADDED from src\main\AndroidManifest.xml:23:23-48
	android:anyDensity
		ADDED from src\main\AndroidManifest.xml:27:9-34
uses-permission#android.permission.CAMERA
ADDED from src\main\AndroidManifest.xml:29:5-64
	android:name
		ADDED from src\main\AndroidManifest.xml:29:22-62
uses-feature#android.hardware.camera
ADDED from src\main\AndroidManifest.xml:31:5-84
	android:required
		ADDED from src\main\AndroidManifest.xml:31:58-82
	android:name
		ADDED from src\main\AndroidManifest.xml:31:19-57
uses-feature#android.hardware.camera.autofocus
ADDED from src\main\AndroidManifest.xml:32:5-94
	android:required
		ADDED from src\main\AndroidManifest.xml:32:68-92
	android:name
		ADDED from src\main\AndroidManifest.xml:32:19-67
uses-feature#android.hardware.camera.front
ADDED from src\main\AndroidManifest.xml:33:5-90
	android:required
		ADDED from src\main\AndroidManifest.xml:33:64-88
	android:name
		ADDED from src\main\AndroidManifest.xml:33:19-63
uses-feature#android.hardware.camera.front.autofocus
ADDED from src\main\AndroidManifest.xml:34:5-100
	android:required
		ADDED from src\main\AndroidManifest.xml:34:74-98
	android:name
		ADDED from src\main\AndroidManifest.xml:34:19-73
uses-sdk
INJECTED from src\main\AndroidManifest.xml reason: use-sdk injection requested
MERGED from [com.android.support:appcompat-v7:23.0.1] AndroidManifest.xml:20:5-43
MERGED from [com.android.support:support-v4:23.0.1] AndroidManifest.xml:20:5-43
MERGED from [MotionDetect:openCVLibrary300:unspecified] AndroidManifest.xml:7:5-9:40
	android:targetSdkVersion
		INJECTED from src\main\AndroidManifest.xml
		INJECTED from src\main\AndroidManifest.xml
	android:minSdkVersion
		INJECTED from src\main\AndroidManifest.xml
		INJECTED from src\main\AndroidManifest.xml